<?xml version="1.0" encoding="UTF-8"?>
<testng-results skipped="0" failed="0" total="1" passed="1">
  <reporter-output>
  </reporter-output>
  <suite name="Suite" duration-ms="47" started-at="2021-11-12T06:34:06Z" finished-at="2021-11-12T06:34:06Z">
    <groups>
    </groups>
    <test name="Test" duration-ms="47" started-at="2021-11-12T06:34:06Z" finished-at="2021-11-12T06:34:06Z">
      <class name="Jenkins.PracticeJenkins">
        <test-method status="PASS" signature="pracJenkins()[pri:0, instance:Jenkins.PracticeJenkins@1794d431]" name="pracJenkins" duration-ms="16" started-at="2021-11-12T12:04:06Z" finished-at="2021-11-12T12:04:06Z">
          <reporter-output>
          </reporter-output>
        </test-method> <!-- pracJenkins -->
      </class> <!-- Jenkins.PracticeJenkins -->
    </test> <!-- Test -->
  </suite> <!-- Suite -->
</testng-results>
